<?xml version="1.0" encoding="utf-8"?>
<DelphiIDETheme modified="2013-04-24 20:48:35" author="Delphi IDE Theme Editor" versionapp="1.1.18.1">
  <AdditionalSearchMatchHighlight>
    <Bold>False</Bold>
    <Italic>False</Italic>
    <Underline>False</Underline>
    <DefaultForeground>True</DefaultForeground>
    <DefaultBackground>False</DefaultBackground>
    <ForegroundColorNew>$00FFE7E6</ForegroundColorNew>
    <BackgroundColorNew>$00FF9933</BackgroundColorNew>
  </AdditionalSearchMatchHighlight>
  <Assembler>
    <Bold>False</Bold>
    <Italic>False</Italic>
    <Underline>False</Underline>
    <DefaultForeground>False</DefaultForeground>
    <DefaultBackground>False</DefaultBackground>
    <ForegroundColorNew>$00FDC4A2</ForegroundColorNew>
    <BackgroundColorNew>$00242428</BackgroundColorNew>
  </Assembler>
  <AttributeNames>
    <Bold>False</Bold>
    <Italic>False</Italic>
    <Underline>False</Underline>
    <DefaultForeground>False</DefaultForeground>
    <DefaultBackground>False</DefaultBackground>
    <ForegroundColorNew>$00B9F8FD</ForegroundColorNew>
    <BackgroundColorNew>$00242428</BackgroundColorNew>
  </AttributeNames>
  <AttributeValues>
    <Bold>False</Bold>
    <Italic>False</Italic>
    <Underline>False</Underline>
    <DefaultForeground>False</DefaultForeground>
    <DefaultBackground>False</DefaultBackground>
    <ForegroundColorNew>$0081B5FC</ForegroundColorNew>
    <BackgroundColorNew>$00242428</BackgroundColorNew>
  </AttributeValues>
  <BraceHighlight>
    <Bold>False</Bold>
    <Italic>False</Italic>
    <Underline>False</Underline>
    <DefaultForeground>False</DefaultForeground>
    <DefaultBackground>False</DefaultBackground>
    <ForegroundColorNew>$00FFE7E6</ForegroundColorNew>
    <BackgroundColorNew>$00242428</BackgroundColorNew>
  </BraceHighlight>
  <Character>
    <Bold>False</Bold>
    <Italic>False</Italic>
    <Underline>False</Underline>
    <DefaultForeground>False</DefaultForeground>
    <DefaultBackground>False</DefaultBackground>
    <ForegroundColorNew>$000D7EFD</ForegroundColorNew>
    <BackgroundColorNew>$00242428</BackgroundColorNew>
  </Character>
  <CodeFoldingTree>
    <Bold>True</Bold>
    <Italic>False</Italic>
    <Underline>False</Underline>
    <DefaultForeground>False</DefaultForeground>
    <DefaultBackground>False</DefaultBackground>
    <ForegroundColorNew>$00FFE7E6</ForegroundColorNew>
    <BackgroundColorNew>$00242428</BackgroundColorNew>
  </CodeFoldingTree>
  <Comment>
    <Bold>False</Bold>
    <Italic>False</Italic>
    <Underline>False</Underline>
    <DefaultForeground>False</DefaultForeground>
    <DefaultBackground>False</DefaultBackground>
    <ForegroundColorNew>$0024B228</ForegroundColorNew>
    <BackgroundColorNew>$00242428</BackgroundColorNew>
  </Comment>
  <DiffAddition>
    <Bold>False</Bold>
    <Italic>False</Italic>
    <Underline>False</Underline>
    <DefaultForeground>True</DefaultForeground>
    <DefaultBackground>False</DefaultBackground>
    <ForegroundColorNew>clBlack</ForegroundColorNew>
    <BackgroundColorNew>$00CCFFCC</BackgroundColorNew>
  </DiffAddition>
  <DiffDeletion>
    <Bold>False</Bold>
    <Italic>False</Italic>
    <Underline>False</Underline>
    <DefaultForeground>True</DefaultForeground>
    <DefaultBackground>False</DefaultBackground>
    <ForegroundColorNew>clBlack</ForegroundColorNew>
    <BackgroundColorNew>$00FFC7C7</BackgroundColorNew>
  </DiffDeletion>
  <DiffMove>
    <Bold>False</Bold>
    <Italic>False</Italic>
    <Underline>False</Underline>
    <DefaultForeground>True</DefaultForeground>
    <DefaultBackground>False</DefaultBackground>
    <ForegroundColorNew>clBlack</ForegroundColorNew>
    <BackgroundColorNew>$00AAFFFF</BackgroundColorNew>
  </DiffMove>
  <DisabledBreak>
    <Bold>False</Bold>
    <Italic>False</Italic>
    <Underline>False</Underline>
    <DefaultForeground>False</DefaultForeground>
    <DefaultBackground>False</DefaultBackground>
    <ForegroundColorNew>clGray</ForegroundColorNew>
    <BackgroundColorNew>$00FFC7C7</BackgroundColorNew>
  </DisabledBreak>
  <EnabledBreak>
    <Bold>False</Bold>
    <Italic>False</Italic>
    <Underline>False</Underline>
    <DefaultForeground>False</DefaultForeground>
    <DefaultBackground>False</DefaultBackground>
    <ForegroundColorNew>clBlack</ForegroundColorNew>
    <BackgroundColorNew>$00FFC7C7</BackgroundColorNew>
  </EnabledBreak>
  <ErrorLine>
    <Bold>False</Bold>
    <Italic>False</Italic>
    <Underline>False</Underline>
    <DefaultForeground>False</DefaultForeground>
    <DefaultBackground>False</DefaultBackground>
    <ForegroundColorNew>clWhite</ForegroundColorNew>
    <BackgroundColorNew>clRed</BackgroundColorNew>
  </ErrorLine>
  <ExecutionPoint>
    <Bold>False</Bold>
    <Italic>False</Italic>
    <Underline>False</Underline>
    <DefaultForeground>False</DefaultForeground>
    <DefaultBackground>False</DefaultBackground>
    <ForegroundColorNew>clBlack</ForegroundColorNew>
    <BackgroundColorNew>$009999CC</BackgroundColorNew>
  </ExecutionPoint>
  <Float>
    <Bold>False</Bold>
    <Italic>False</Italic>
    <Underline>False</Underline>
    <DefaultForeground>False</DefaultForeground>
    <DefaultBackground>False</DefaultBackground>
    <ForegroundColorNew>$001212F8</ForegroundColorNew>
    <BackgroundColorNew>$00242428</BackgroundColorNew>
  </Float>
  <FoldedCode>
    <Bold>False</Bold>
    <Italic>False</Italic>
    <Underline>False</Underline>
    <DefaultForeground>False</DefaultForeground>
    <DefaultBackground>False</DefaultBackground>
    <ForegroundColorNew>$00CC9999</ForegroundColorNew>
    <BackgroundColorNew>clWhite</BackgroundColorNew>
  </FoldedCode>
  <Hex>
    <Bold>False</Bold>
    <Italic>False</Italic>
    <Underline>False</Underline>
    <DefaultForeground>False</DefaultForeground>
    <DefaultBackground>False</DefaultBackground>
    <ForegroundColorNew>$001212F8</ForegroundColorNew>
    <BackgroundColorNew>$00242428</BackgroundColorNew>
  </Hex>
  <HotLink>
    <Bold>False</Bold>
    <Italic>False</Italic>
    <Underline>False</Underline>
    <DefaultForeground>False</DefaultForeground>
    <DefaultBackground>False</DefaultBackground>
    <ForegroundColorNew>$009047E6</ForegroundColorNew>
    <BackgroundColorNew>$00242428</BackgroundColorNew>
  </HotLink>
  <Identifier>
    <Bold>True</Bold>
    <Italic>False</Italic>
    <Underline>False</Underline>
    <DefaultForeground>False</DefaultForeground>
    <DefaultBackground>False</DefaultBackground>
    <ForegroundColorNew>$00FFE7E6</ForegroundColorNew>
    <BackgroundColorNew>$00242428</BackgroundColorNew>
  </Identifier>
  <IllegalChar>
    <Bold>False</Bold>
    <Italic>False</Italic>
    <Underline>False</Underline>
    <DefaultForeground>False</DefaultForeground>
    <DefaultBackground>False</DefaultBackground>
    <ForegroundColorNew>$000000FF</ForegroundColorNew>
    <BackgroundColorNew>$00242428</BackgroundColorNew>
  </IllegalChar>
  <InvalidBreak>
    <Bold>False</Bold>
    <Italic>False</Italic>
    <Underline>False</Underline>
    <DefaultForeground>False</DefaultForeground>
    <DefaultBackground>False</DefaultBackground>
    <ForegroundColorNew>clWhite</ForegroundColorNew>
    <BackgroundColorNew>clGreen</BackgroundColorNew>
  </InvalidBreak>
  <LineHighlight>
    <Bold>False</Bold>
    <Italic>False</Italic>
    <Underline>False</Underline>
    <DefaultForeground>True</DefaultForeground>
    <DefaultBackground>False</DefaultBackground>
    <ForegroundColorNew>$00FFE7E6</ForegroundColorNew>
    <BackgroundColorNew>$00FF9933</BackgroundColorNew>
  </LineHighlight>
  <LineNumber>
    <Bold>True</Bold>
    <Italic>False</Italic>
    <Underline>False</Underline>
    <DefaultForeground>False</DefaultForeground>
    <DefaultBackground>False</DefaultBackground>
    <ForegroundColorNew>$00FFE7E6</ForegroundColorNew>
    <BackgroundColorNew>$00242428</BackgroundColorNew>
  </LineNumber>
  <MarkedBlock>
    <Bold>False</Bold>
    <Italic>False</Italic>
    <Underline>False</Underline>
    <DefaultForeground>True</DefaultForeground>
    <DefaultBackground>False</DefaultBackground>
    <ForegroundColorNew>$00FFE7E6</ForegroundColorNew>
    <BackgroundColorNew>$00FF9933</BackgroundColorNew>
  </MarkedBlock>
  <ModifiedLine>
    <Bold>False</Bold>
    <Italic>False</Italic>
    <Underline>False</Underline>
    <DefaultForeground>False</DefaultForeground>
    <DefaultBackground>False</DefaultBackground>
    <ForegroundColorNew>clLime</ForegroundColorNew>
    <BackgroundColorNew>clYellow</BackgroundColorNew>
  </ModifiedLine>
  <Number>
    <Bold>False</Bold>
    <Italic>False</Italic>
    <Underline>False</Underline>
    <DefaultForeground>False</DefaultForeground>
    <DefaultBackground>False</DefaultBackground>
    <ForegroundColorNew>$001212F8</ForegroundColorNew>
    <BackgroundColorNew>$00242428</BackgroundColorNew>
  </Number>
  <Octal>
    <Bold>False</Bold>
    <Italic>False</Italic>
    <Underline>False</Underline>
    <DefaultForeground>False</DefaultForeground>
    <DefaultBackground>False</DefaultBackground>
    <ForegroundColorNew>$001212F8</ForegroundColorNew>
    <BackgroundColorNew>$00242428</BackgroundColorNew>
  </Octal>
  <PlainText>
    <Bold>True</Bold>
    <Italic>False</Italic>
    <Underline>False</Underline>
    <DefaultForeground>False</DefaultForeground>
    <DefaultBackground>False</DefaultBackground>
    <ForegroundColorNew>$00FFE7E6</ForegroundColorNew>
    <BackgroundColorNew>$00242428</BackgroundColorNew>
  </PlainText>
  <Preprocessor>
    <Bold>False</Bold>
    <Italic>False</Italic>
    <Underline>False</Underline>
    <DefaultForeground>False</DefaultForeground>
    <DefaultBackground>False</DefaultBackground>
    <ForegroundColorNew>$00FF05F3</ForegroundColorNew>
    <BackgroundColorNew>$00242428</BackgroundColorNew>
  </Preprocessor>
  <ReservedWord>
    <Bold>False</Bold>
    <Italic>False</Italic>
    <Underline>False</Underline>
    <DefaultForeground>False</DefaultForeground>
    <DefaultBackground>False</DefaultBackground>
    <ForegroundColorNew>$00FFAF7A</ForegroundColorNew>
    <BackgroundColorNew>$00242428</BackgroundColorNew>
  </ReservedWord>
  <RightMargin>
    <Bold>False</Bold>
    <Italic>False</Italic>
    <Underline>False</Underline>
    <DefaultForeground>False</DefaultForeground>
    <DefaultBackground>False</DefaultBackground>
    <ForegroundColorNew>$00FFE7E6</ForegroundColorNew>
    <BackgroundColorNew>$00F0F0F0</BackgroundColorNew>
  </RightMargin>
  <Scripts>
    <Bold>False</Bold>
    <Italic>False</Italic>
    <Underline>False</Underline>
    <DefaultForeground>False</DefaultForeground>
    <DefaultBackground>True</DefaultBackground>
    <ForegroundColorNew>clPurple</ForegroundColorNew>
    <BackgroundColorNew>clWhite</BackgroundColorNew>
  </Scripts>
  <SearchMatch>
    <Bold>False</Bold>
    <Italic>False</Italic>
    <Underline>False</Underline>
    <DefaultForeground>False</DefaultForeground>
    <DefaultBackground>False</DefaultBackground>
    <ForegroundColorNew>$00FFE7E6</ForegroundColorNew>
    <BackgroundColorNew>$00FF9933</BackgroundColorNew>
  </SearchMatch>
  <String>
    <Bold>False</Bold>
    <Italic>False</Italic>
    <Underline>False</Underline>
    <DefaultForeground>False</DefaultForeground>
    <DefaultBackground>False</DefaultBackground>
    <ForegroundColorNew>$000D7EFD</ForegroundColorNew>
    <BackgroundColorNew>$00242428</BackgroundColorNew>
  </String>
  <Symbol>
    <Bold>True</Bold>
    <Italic>False</Italic>
    <Underline>False</Underline>
    <DefaultForeground>False</DefaultForeground>
    <DefaultBackground>False</DefaultBackground>
    <ForegroundColorNew>$00FFE7E6</ForegroundColorNew>
    <BackgroundColorNew>$00242428</BackgroundColorNew>
  </Symbol>
  <SyncEditBackground>
    <Bold>False</Bold>
    <Italic>False</Italic>
    <Underline>False</Underline>
    <DefaultForeground>True</DefaultForeground>
    <DefaultBackground>False</DefaultBackground>
    <ForegroundColorNew>clBlack</ForegroundColorNew>
    <BackgroundColorNew>$00FAFFE6</BackgroundColorNew>
  </SyncEditBackground>
  <SyncEditHighlight>
    <Bold>False</Bold>
    <Italic>False</Italic>
    <Underline>False</Underline>
    <DefaultForeground>False</DefaultForeground>
    <DefaultBackground>False</DefaultBackground>
    <ForegroundColorNew>clBlue</ForegroundColorNew>
    <BackgroundColorNew>clWhite</BackgroundColorNew>
  </SyncEditHighlight>
  <Tags>
    <Bold>True</Bold>
    <Italic>False</Italic>
    <Underline>False</Underline>
    <DefaultForeground>False</DefaultForeground>
    <DefaultBackground>True</DefaultBackground>
    <ForegroundColorNew>clNavy</ForegroundColorNew>
    <BackgroundColorNew>clWhite</BackgroundColorNew>
  </Tags>
  <Whitespace>
    <Bold>True</Bold>
    <Italic>False</Italic>
    <Underline>False</Underline>
    <DefaultForeground>False</DefaultForeground>
    <DefaultBackground>False</DefaultBackground>
    <ForegroundColorNew>$00FFE7E6</ForegroundColorNew>
    <BackgroundColorNew>$00242428</BackgroundColorNew>
  </Whitespace>
</DelphiIDETheme>
